[2m2026-03-26T16:54:20.356733Z[0m [33m WARN[0m [2mralph::preflight[0m[2m:[0m Config file "ralph.yml" not found, using defaults
[2m2026-03-26T16:54:20.360066Z[0m [33m WARN[0m [2mralph::loop_runner[0m[2m:[0m Interactive mode requested but stdout is not a TTY, falling back to autonomous
[2m2026-03-26T16:54:20.367630Z[0m [32m INFO[0m [2mralph_core::event_loop[0m[2m:[0m Memory injection check: enabled=true, inject=Auto, workspace_root="/Users/Q475567/dev/diagram-docs/.ralph"
[2m2026-03-26T16:54:20.367643Z[0m [32m INFO[0m [2mralph_core::event_loop[0m[2m:[0m Looking for memories at: "/Users/Q475567/dev/diagram-docs/.ralph/.ralph/agent/memories.md" (exists: false)
[2m2026-03-26T16:54:20.367648Z[0m [32m INFO[0m [2mralph_core::event_loop[0m[2m:[0m Successfully loaded 0 memories from store
[2m2026-03-26T16:54:20.367651Z[0m [32m INFO[0m [2mralph_core::event_loop[0m[2m:[0m Memory store is empty - no memories to inject
[2m2026-03-26T16:54:22.240409Z[0m [32m INFO[0m [2mralph_core::event_loop[0m[2m:[0m Memory injection check: enabled=true, inject=Auto, workspace_root="/Users/Q475567/dev/diagram-docs/.ralph"
[2m2026-03-26T16:54:22.240428Z[0m [32m INFO[0m [2mralph_core::event_loop[0m[2m:[0m Looking for memories at: "/Users/Q475567/dev/diagram-docs/.ralph/.ralph/agent/memories.md" (exists: false)
[2m2026-03-26T16:54:22.240434Z[0m [32m INFO[0m [2mralph_core::event_loop[0m[2m:[0m Successfully loaded 0 memories from store
[2m2026-03-26T16:54:22.240437Z[0m [32m INFO[0m [2mralph_core::event_loop[0m[2m:[0m Memory store is empty - no memories to inject
[2m2026-03-26T16:54:23.439896Z[0m [32m INFO[0m [2mralph_core::event_loop[0m[2m:[0m Memory injection check: enabled=true, inject=Auto, workspace_root="/Users/Q475567/dev/diagram-docs/.ralph"
[2m2026-03-26T16:54:23.439922Z[0m [32m INFO[0m [2mralph_core::event_loop[0m[2m:[0m Looking for memories at: "/Users/Q475567/dev/diagram-docs/.ralph/.ralph/agent/memories.md" (exists: false)
[2m2026-03-26T16:54:23.439929Z[0m [32m INFO[0m [2mralph_core::event_loop[0m[2m:[0m Successfully loaded 0 memories from store
[2m2026-03-26T16:54:23.439935Z[0m [32m INFO[0m [2mralph_core::event_loop[0m[2m:[0m Memory store is empty - no memories to inject
[2m2026-03-26T16:54:24.909777Z[0m [32m INFO[0m [2mralph_core::event_loop[0m[2m:[0m Memory injection check: enabled=true, inject=Auto, workspace_root="/Users/Q475567/dev/diagram-docs/.ralph"
[2m2026-03-26T16:54:24.909845Z[0m [32m INFO[0m [2mralph_core::event_loop[0m[2m:[0m Looking for memories at: "/Users/Q475567/dev/diagram-docs/.ralph/.ralph/agent/memories.md" (exists: false)
[2m2026-03-26T16:54:24.909859Z[0m [32m INFO[0m [2mralph_core::event_loop[0m[2m:[0m Successfully loaded 0 memories from store
[2m2026-03-26T16:54:24.909866Z[0m [32m INFO[0m [2mralph_core::event_loop[0m[2m:[0m Memory store is empty - no memories to inject
[2m2026-03-26T16:54:26.472219Z[0m [32m INFO[0m [2mralph_core::event_loop[0m[2m:[0m Memory injection check: enabled=true, inject=Auto, workspace_root="/Users/Q475567/dev/diagram-docs/.ralph"
[2m2026-03-26T16:54:26.472293Z[0m [32m INFO[0m [2mralph_core::event_loop[0m[2m:[0m Looking for memories at: "/Users/Q475567/dev/diagram-docs/.ralph/.ralph/agent/memories.md" (exists: false)
[2m2026-03-26T16:54:26.472316Z[0m [32m INFO[0m [2mralph_core::event_loop[0m[2m:[0m Successfully loaded 0 memories from store
[2m2026-03-26T16:54:26.472329Z[0m [32m INFO[0m [2mralph_core::event_loop[0m[2m:[0m Memory store is empty - no memories to inject
[2m2026-03-26T16:54:27.751714Z[0m [32m INFO[0m [2mralph_core::event_loop[0m[2m:[0m Wrapping up: consecutive_failures. 5 iterations in 7s. [3mreason[0m[2m=[0mconsecutive_failures [3miterations[0m[2m=[0m5 [3mduration[0m[2m=[0m7s
