[2m2026-03-23T00:13:16.825310Z[0m [33m WARN[0m [2mralph::preflight[0m[2m:[0m Config file "ralph.yml" not found, using defaults
[2m2026-03-23T00:13:16.830024Z[0m [33m WARN[0m [2mralph::loop_runner[0m[2m:[0m Interactive mode requested but stdout is not a TTY, falling back to autonomous
[2m2026-03-23T00:13:16.833006Z[0m [32m INFO[0m [2mralph_core::event_loop[0m[2m:[0m Memory injection check: enabled=true, inject=Auto, workspace_root="/Users/chris/dev/diagram-docs"
[2m2026-03-23T00:13:16.833019Z[0m [32m INFO[0m [2mralph_core::event_loop[0m[2m:[0m Looking for memories at: "/Users/chris/dev/diagram-docs/.ralph/agent/memories.md" (exists: false)
[2m2026-03-23T00:13:16.833026Z[0m [32m INFO[0m [2mralph_core::event_loop[0m[2m:[0m Successfully loaded 0 memories from store
[2m2026-03-23T00:13:16.833029Z[0m [32m INFO[0m [2mralph_core::event_loop[0m[2m:[0m Memory store is empty - no memories to inject
[2m2026-03-23T00:20:07.231955Z[0m [32m INFO[0m [2mralph_core::event_loop[0m[2m:[0m Memory injection check: enabled=true, inject=Auto, workspace_root="/Users/chris/dev/diagram-docs"
[2m2026-03-23T00:20:07.232028Z[0m [32m INFO[0m [2mralph_core::event_loop[0m[2m:[0m Looking for memories at: "/Users/chris/dev/diagram-docs/.ralph/agent/memories.md" (exists: false)
[2m2026-03-23T00:20:07.232050Z[0m [32m INFO[0m [2mralph_core::event_loop[0m[2m:[0m Successfully loaded 0 memories from store
[2m2026-03-23T00:20:07.232061Z[0m [32m INFO[0m [2mralph_core::event_loop[0m[2m:[0m Memory store is empty - no memories to inject
[2m2026-03-23T00:27:43.324681Z[0m [32m INFO[0m [2mralph_core::event_loop[0m[2m:[0m Memory injection check: enabled=true, inject=Auto, workspace_root="/Users/chris/dev/diagram-docs"
[2m2026-03-23T00:27:43.324835Z[0m [32m INFO[0m [2mralph_core::event_loop[0m[2m:[0m Looking for memories at: "/Users/chris/dev/diagram-docs/.ralph/agent/memories.md" (exists: false)
[2m2026-03-23T00:27:43.324874Z[0m [32m INFO[0m [2mralph_core::event_loop[0m[2m:[0m Successfully loaded 0 memories from store
[2m2026-03-23T00:27:43.324895Z[0m [32m INFO[0m [2mralph_core::event_loop[0m[2m:[0m Memory store is empty - no memories to inject
[2m2026-03-23T00:32:52.760712Z[0m [32m INFO[0m [2mralph_core::event_loop[0m[2m:[0m Memory injection check: enabled=true, inject=Auto, workspace_root="/Users/chris/dev/diagram-docs"
[2m2026-03-23T00:32:52.760768Z[0m [32m INFO[0m [2mralph_core::event_loop[0m[2m:[0m Looking for memories at: "/Users/chris/dev/diagram-docs/.ralph/agent/memories.md" (exists: false)
[2m2026-03-23T00:32:52.760781Z[0m [32m INFO[0m [2mralph_core::event_loop[0m[2m:[0m Successfully loaded 0 memories from store
[2m2026-03-23T00:32:52.760789Z[0m [32m INFO[0m [2mralph_core::event_loop[0m[2m:[0m Memory store is empty - no memories to inject
[2m2026-03-23T00:40:14.927795Z[0m [32m INFO[0m [2mralph_core::event_loop[0m[2m:[0m Memory injection check: enabled=true, inject=Auto, workspace_root="/Users/chris/dev/diagram-docs"
[2m2026-03-23T00:40:14.927886Z[0m [32m INFO[0m [2mralph_core::event_loop[0m[2m:[0m Looking for memories at: "/Users/chris/dev/diagram-docs/.ralph/agent/memories.md" (exists: false)
[2m2026-03-23T00:40:14.927901Z[0m [32m INFO[0m [2mralph_core::event_loop[0m[2m:[0m Successfully loaded 0 memories from store
[2m2026-03-23T00:40:14.927912Z[0m [32m INFO[0m [2mralph_core::event_loop[0m[2m:[0m Memory store is empty - no memories to inject
[2m2026-03-23T00:51:52.278436Z[0m [32m INFO[0m [2mralph_core::event_loop[0m[2m:[0m Memory injection check: enabled=true, inject=Auto, workspace_root="/Users/chris/dev/diagram-docs"
[2m2026-03-23T00:51:52.278547Z[0m [32m INFO[0m [2mralph_core::event_loop[0m[2m:[0m Looking for memories at: "/Users/chris/dev/diagram-docs/.ralph/agent/memories.md" (exists: false)
[2m2026-03-23T00:51:52.278581Z[0m [32m INFO[0m [2mralph_core::event_loop[0m[2m:[0m Successfully loaded 0 memories from store
[2m2026-03-23T00:51:52.278597Z[0m [32m INFO[0m [2mralph_core::event_loop[0m[2m:[0m Memory store is empty - no memories to inject
[2m2026-03-23T00:58:19.733538Z[0m [32m INFO[0m [2mralph_core::event_loop[0m[2m:[0m Memory injection check: enabled=true, inject=Auto, workspace_root="/Users/chris/dev/diagram-docs"
[2m2026-03-23T00:58:19.733615Z[0m [32m INFO[0m [2mralph_core::event_loop[0m[2m:[0m Looking for memories at: "/Users/chris/dev/diagram-docs/.ralph/agent/memories.md" (exists: false)
[2m2026-03-23T00:58:19.733635Z[0m [32m INFO[0m [2mralph_core::event_loop[0m[2m:[0m Successfully loaded 0 memories from store
[2m2026-03-23T00:58:19.733648Z[0m [32m INFO[0m [2mralph_core::event_loop[0m[2m:[0m Memory store is empty - no memories to inject
[2m2026-03-23T01:08:06.973306Z[0m [32m INFO[0m [2mralph_core::event_loop[0m[2m:[0m Memory injection check: enabled=true, inject=Auto, workspace_root="/Users/chris/dev/diagram-docs"
[2m2026-03-23T01:08:06.973447Z[0m [32m INFO[0m [2mralph_core::event_loop[0m[2m:[0m Looking for memories at: "/Users/chris/dev/diagram-docs/.ralph/agent/memories.md" (exists: false)
[2m2026-03-23T01:08:06.973488Z[0m [32m INFO[0m [2mralph_core::event_loop[0m[2m:[0m Successfully loaded 0 memories from store
[2m2026-03-23T01:08:06.973509Z[0m [32m INFO[0m [2mralph_core::event_loop[0m[2m:[0m Memory store is empty - no memories to inject
[2m2026-03-23T01:19:10.081797Z[0m [33m WARN[0m [2mralph_core::event_loop[0m[2m:[0m review.done rejected: missing verification evidence
[2m2026-03-23T01:19:10.081907Z[0m [32m INFO[0m [2mralph_core::event_loop[0m[2m:[0m Memory injection check: enabled=true, inject=Auto, workspace_root="/Users/chris/dev/diagram-docs"
[2m2026-03-23T01:19:10.081917Z[0m [32m INFO[0m [2mralph_core::event_loop[0m[2m:[0m Looking for memories at: "/Users/chris/dev/diagram-docs/.ralph/agent/memories.md" (exists: false)
[2m2026-03-23T01:19:10.081922Z[0m [32m INFO[0m [2mralph_core::event_loop[0m[2m:[0m Successfully loaded 0 memories from store
[2m2026-03-23T01:19:10.081925Z[0m [32m INFO[0m [2mralph_core::event_loop[0m[2m:[0m Memory store is empty - no memories to inject
[2m2026-03-23T01:19:10.081952Z[0m [32m INFO[0m [2mralph_core::event_loop[0m[2m:[0m Injecting scratchpad (1326 chars) into prompt
[2m2026-03-23T01:19:50.374485Z[0m [33m WARN[0m [2mralph_core::event_loop[0m[2m:[0m review.done rejected: missing verification evidence
[2m2026-03-23T01:19:50.374555Z[0m [32m INFO[0m [2mralph::loop_runner[0m[2m:[0m All done! LOOP_COMPLETE detected in solo output.
[2m2026-03-23T01:19:50.374584Z[0m [32m INFO[0m [2mralph_core::event_loop[0m[2m:[0m Wrapping up: completed. 9 iterations in 1h 6m 33s. [3mreason[0m[2m=[0mcompleted [3miterations[0m[2m=[0m9 [3mduration[0m[2m=[0m1h 6m 33s
[2m2026-03-23T01:19:50.390194Z[0m [32m INFO[0m [2mralph_core::landing[0m[2m:[0m Beginning landing sequence [3mloop_id[0m[2m=[0mprimary
