[2m2026-03-22T00:43:02.796463Z[0m [33m WARN[0m [2mralph::preflight[0m[2m:[0m Config file "ralph.yml" not found, using defaults
[2m2026-03-22T00:43:02.801070Z[0m [33m WARN[0m [2mralph::loop_runner[0m[2m:[0m Interactive mode requested but stdout is not a TTY, falling back to autonomous
[2m2026-03-22T00:43:02.804528Z[0m [32m INFO[0m [2mralph_core::event_loop[0m[2m:[0m Memory injection check: enabled=true, inject=Auto, workspace_root="/Users/chris/dev/diagram-docs"
[2m2026-03-22T00:43:02.804537Z[0m [32m INFO[0m [2mralph_core::event_loop[0m[2m:[0m Looking for memories at: "/Users/chris/dev/diagram-docs/.ralph/agent/memories.md" (exists: false)
[2m2026-03-22T00:43:02.804541Z[0m [32m INFO[0m [2mralph_core::event_loop[0m[2m:[0m Successfully loaded 0 memories from store
[2m2026-03-22T00:43:02.804544Z[0m [32m INFO[0m [2mralph_core::event_loop[0m[2m:[0m Memory store is empty - no memories to inject
[2m2026-03-22T00:48:48.810163Z[0m [33m WARN[0m [2mralph_core::event_loop[0m[2m:[0m review.done rejected: missing verification evidence
[2m2026-03-22T00:48:48.810319Z[0m [32m INFO[0m [2mralph_core::event_loop[0m[2m:[0m Memory injection check: enabled=true, inject=Auto, workspace_root="/Users/chris/dev/diagram-docs"
[2m2026-03-22T00:48:48.810337Z[0m [32m INFO[0m [2mralph_core::event_loop[0m[2m:[0m Looking for memories at: "/Users/chris/dev/diagram-docs/.ralph/agent/memories.md" (exists: false)
[2m2026-03-22T00:48:48.810344Z[0m [32m INFO[0m [2mralph_core::event_loop[0m[2m:[0m Successfully loaded 0 memories from store
[2m2026-03-22T00:48:48.810349Z[0m [32m INFO[0m [2mralph_core::event_loop[0m[2m:[0m Memory store is empty - no memories to inject
[2m2026-03-22T00:48:48.810392Z[0m [32m INFO[0m [2mralph_core::event_loop[0m[2m:[0m Injecting scratchpad (1870 chars) into prompt
[2m2026-03-22T00:48:48.810510Z[0m [32m INFO[0m [2mralph_core::event_loop[0m[2m:[0m Injecting ready tasks (0 ready, 0 open, 1 closed) into prompt
[2m2026-03-22T00:49:20.906213Z[0m [33m WARN[0m [2mralph_core::event_loop[0m[2m:[0m review.done rejected: missing verification evidence
[2m2026-03-22T00:49:20.906467Z[0m [32m INFO[0m [2mralph_core::event_loop[0m[2m:[0m Memory injection check: enabled=true, inject=Auto, workspace_root="/Users/chris/dev/diagram-docs"
[2m2026-03-22T00:49:20.906497Z[0m [32m INFO[0m [2mralph_core::event_loop[0m[2m:[0m Looking for memories at: "/Users/chris/dev/diagram-docs/.ralph/agent/memories.md" (exists: false)
[2m2026-03-22T00:49:20.906511Z[0m [32m INFO[0m [2mralph_core::event_loop[0m[2m:[0m Successfully loaded 0 memories from store
[2m2026-03-22T00:49:20.906520Z[0m [32m INFO[0m [2mralph_core::event_loop[0m[2m:[0m Memory store is empty - no memories to inject
[2m2026-03-22T00:49:20.906582Z[0m [32m INFO[0m [2mralph_core::event_loop[0m[2m:[0m Injecting scratchpad (2119 chars) into prompt
[2m2026-03-22T00:49:20.906760Z[0m [32m INFO[0m [2mralph_core::event_loop[0m[2m:[0m Injecting ready tasks (0 ready, 0 open, 1 closed) into prompt
[2m2026-03-22T00:49:54.366573Z[0m [33m WARN[0m [2mralph_core::event_loop[0m[2m:[0m review.done rejected: missing verification evidence
[2m2026-03-22T00:49:54.366702Z[0m [33m WARN[0m [2mralph_core::event_loop[0m[2m:[0m Stale loop detected: same event signature emitted consecutively [3mtopic[0m[2m=[0m"review.blocked" [3mcount[0m[2m=[0m3
[2m2026-03-22T00:49:54.366758Z[0m [32m INFO[0m [2mralph_core::event_loop[0m[2m:[0m Wrapping up: loop_stale. 3 iterations in 6m 51s. [3mreason[0m[2m=[0mloop_stale [3miterations[0m[2m=[0m3 [3mduration[0m[2m=[0m6m 51s
