[2m2026-03-22T21:06:05.288591Z[0m [33m WARN[0m [2mralph::preflight[0m[2m:[0m Config file "ralph.yml" not found, using defaults
[2m2026-03-22T21:06:05.293169Z[0m [33m WARN[0m [2mralph::loop_runner[0m[2m:[0m Interactive mode requested but stdout is not a TTY, falling back to autonomous
[2m2026-03-22T21:06:05.294428Z[0m [32m INFO[0m [2mralph_core::event_loop[0m[2m:[0m Memory injection check: enabled=true, inject=Auto, workspace_root="/Users/chris/dev/diagram-docs"
[2m2026-03-22T21:06:05.294436Z[0m [32m INFO[0m [2mralph_core::event_loop[0m[2m:[0m Looking for memories at: "/Users/chris/dev/diagram-docs/.ralph/agent/memories.md" (exists: false)
[2m2026-03-22T21:06:05.294440Z[0m [32m INFO[0m [2mralph_core::event_loop[0m[2m:[0m Successfully loaded 0 memories from store
[2m2026-03-22T21:06:05.294443Z[0m [32m INFO[0m [2mralph_core::event_loop[0m[2m:[0m Memory store is empty - no memories to inject
[2m2026-03-22T21:12:58.474756Z[0m [32m INFO[0m [2mralph_core::event_loop[0m[2m:[0m Memory injection check: enabled=true, inject=Auto, workspace_root="/Users/chris/dev/diagram-docs"
[2m2026-03-22T21:12:58.474816Z[0m [32m INFO[0m [2mralph_core::event_loop[0m[2m:[0m Looking for memories at: "/Users/chris/dev/diagram-docs/.ralph/agent/memories.md" (exists: false)
[2m2026-03-22T21:12:58.474827Z[0m [32m INFO[0m [2mralph_core::event_loop[0m[2m:[0m Successfully loaded 0 memories from store
[2m2026-03-22T21:12:58.474834Z[0m [32m INFO[0m [2mralph_core::event_loop[0m[2m:[0m Memory store is empty - no memories to inject
[2m2026-03-22T21:28:22.229823Z[0m [32m INFO[0m [2mralph_core::event_loop[0m[2m:[0m Memory injection check: enabled=true, inject=Auto, workspace_root="/Users/chris/dev/diagram-docs"
[2m2026-03-22T21:28:22.229987Z[0m [32m INFO[0m [2mralph_core::event_loop[0m[2m:[0m Looking for memories at: "/Users/chris/dev/diagram-docs/.ralph/agent/memories.md" (exists: false)
[2m2026-03-22T21:28:22.230030Z[0m [32m INFO[0m [2mralph_core::event_loop[0m[2m:[0m Successfully loaded 0 memories from store
[2m2026-03-22T21:28:22.230051Z[0m [32m INFO[0m [2mralph_core::event_loop[0m[2m:[0m Memory store is empty - no memories to inject
[2m2026-03-22T21:37:49.680538Z[0m [33m WARN[0m [2mralph_core::event_loop[0m[2m:[0m review.done rejected: missing verification evidence
[2m2026-03-22T21:37:49.680603Z[0m [32m INFO[0m [2mralph::loop_runner[0m[2m:[0m All done! LOOP_COMPLETE detected in solo output.
[2m2026-03-22T21:37:49.680625Z[0m [32m INFO[0m [2mralph_core::event_loop[0m[2m:[0m Wrapping up: completed. 3 iterations in 31m 44s. [3mreason[0m[2m=[0mcompleted [3miterations[0m[2m=[0m3 [3mduration[0m[2m=[0m31m 44s
[2m2026-03-22T21:37:49.692823Z[0m [32m INFO[0m [2mralph_core::landing[0m[2m:[0m Beginning landing sequence [3mloop_id[0m[2m=[0mprimary
[2m2026-03-22T21:37:49.750129Z[0m [32m INFO[0m [2mralph_core::landing[0m[2m:[0m Auto-committed changes during landing [3mloop_id[0m[2m=[0mprimary [3mcommit[0m[2m=[0mSome("6197b2e106a49fe825daaf90843dfdfcce2d3d3c") [3mfiles[0m[2m=[0m15
[2m2026-03-22T21:37:49.787522Z[0m [32m INFO[0m [2mralph_core::landing[0m[2m:[0m Generated handoff file [3mloop_id[0m[2m=[0mprimary [3mpath[0m[2m=[0m/Users/chris/dev/diagram-docs/.ralph/agent/handoff.md [3mcompleted[0m[2m=[0m2 [3mopen[0m[2m=[0m0
[2m2026-03-22T21:37:49.795690Z[0m [32m INFO[0m [2mralph_core::loop_completion[0m[2m:[0m Landing completed with auto-commit [3mcommit[0m[2m=[0mSome("6197b2e106a49fe825daaf90843dfdfcce2d3d3c") [3mhandoff[0m[2m=[0m/Users/chris/dev/diagram-docs/.ralph/agent/handoff.md
[2m2026-03-22T21:37:49.795700Z[0m [32m INFO[0m [2mralph::loop_runner[0m[2m:[0m Primary loop landed successfully [3mcommitted[0m[2m=[0mtrue [3mhandoff[0m[2m=[0m/Users/chris/dev/diagram-docs/.ralph/agent/handoff.md [3mopen_tasks[0m[2m=[0m0
