[2m2026-03-22T21:58:05.001609Z[0m [33m WARN[0m [2mralph::preflight[0m[2m:[0m Config file "ralph.yml" not found, using defaults
[2m2026-03-22T21:58:05.006480Z[0m [33m WARN[0m [2mralph::loop_runner[0m[2m:[0m Interactive mode requested but stdout is not a TTY, falling back to autonomous
[2m2026-03-22T21:58:05.007256Z[0m [32m INFO[0m [2mralph_core::event_loop[0m[2m:[0m Memory injection check: enabled=true, inject=Auto, workspace_root="/Users/chris/dev/diagram-docs"
[2m2026-03-22T21:58:05.007266Z[0m [32m INFO[0m [2mralph_core::event_loop[0m[2m:[0m Looking for memories at: "/Users/chris/dev/diagram-docs/.ralph/agent/memories.md" (exists: false)
[2m2026-03-22T21:58:05.007271Z[0m [32m INFO[0m [2mralph_core::event_loop[0m[2m:[0m Successfully loaded 0 memories from store
[2m2026-03-22T21:58:05.007274Z[0m [32m INFO[0m [2mralph_core::event_loop[0m[2m:[0m Memory store is empty - no memories to inject
[2m2026-03-22T22:05:47.937179Z[0m [32m INFO[0m [2mralph_core::event_loop[0m[2m:[0m Memory injection check: enabled=true, inject=Auto, workspace_root="/Users/chris/dev/diagram-docs"
[2m2026-03-22T22:05:47.937267Z[0m [32m INFO[0m [2mralph_core::event_loop[0m[2m:[0m Looking for memories at: "/Users/chris/dev/diagram-docs/.ralph/agent/memories.md" (exists: false)
[2m2026-03-22T22:05:47.937288Z[0m [32m INFO[0m [2mralph_core::event_loop[0m[2m:[0m Successfully loaded 0 memories from store
[2m2026-03-22T22:05:47.937300Z[0m [32m INFO[0m [2mralph_core::event_loop[0m[2m:[0m Memory store is empty - no memories to inject
[2m2026-03-22T22:14:03.973124Z[0m [32m INFO[0m [2mralph_core::event_loop[0m[2m:[0m Memory injection check: enabled=true, inject=Auto, workspace_root="/Users/chris/dev/diagram-docs"
[2m2026-03-22T22:14:03.973256Z[0m [32m INFO[0m [2mralph_core::event_loop[0m[2m:[0m Looking for memories at: "/Users/chris/dev/diagram-docs/.ralph/agent/memories.md" (exists: false)
[2m2026-03-22T22:14:03.973289Z[0m [32m INFO[0m [2mralph_core::event_loop[0m[2m:[0m Successfully loaded 0 memories from store
[2m2026-03-22T22:14:03.973308Z[0m [32m INFO[0m [2mralph_core::event_loop[0m[2m:[0m Memory store is empty - no memories to inject
[2m2026-03-22T22:19:58.213802Z[0m [32m INFO[0m [2mralph_core::event_loop[0m[2m:[0m Memory injection check: enabled=true, inject=Auto, workspace_root="/Users/chris/dev/diagram-docs"
[2m2026-03-22T22:19:58.213919Z[0m [32m INFO[0m [2mralph_core::event_loop[0m[2m:[0m Looking for memories at: "/Users/chris/dev/diagram-docs/.ralph/agent/memories.md" (exists: false)
[2m2026-03-22T22:19:58.213953Z[0m [32m INFO[0m [2mralph_core::event_loop[0m[2m:[0m Successfully loaded 0 memories from store
[2m2026-03-22T22:19:58.213971Z[0m [32m INFO[0m [2mralph_core::event_loop[0m[2m:[0m Memory store is empty - no memories to inject
[2m2026-03-22T22:35:48.684352Z[0m [32m INFO[0m [2mralph_core::event_loop[0m[2m:[0m Memory injection check: enabled=true, inject=Auto, workspace_root="/Users/chris/dev/diagram-docs"
[2m2026-03-22T22:35:48.684478Z[0m [32m INFO[0m [2mralph_core::event_loop[0m[2m:[0m Looking for memories at: "/Users/chris/dev/diagram-docs/.ralph/agent/memories.md" (exists: false)
[2m2026-03-22T22:35:48.684519Z[0m [32m INFO[0m [2mralph_core::event_loop[0m[2m:[0m Successfully loaded 0 memories from store
[2m2026-03-22T22:35:48.684541Z[0m [32m INFO[0m [2mralph_core::event_loop[0m[2m:[0m Memory store is empty - no memories to inject
[2m2026-03-22T22:45:45.295903Z[0m [32m INFO[0m [2mralph_core::event_loop[0m[2m:[0m Memory injection check: enabled=true, inject=Auto, workspace_root="/Users/chris/dev/diagram-docs"
[2m2026-03-22T22:45:45.296028Z[0m [32m INFO[0m [2mralph_core::event_loop[0m[2m:[0m Looking for memories at: "/Users/chris/dev/diagram-docs/.ralph/agent/memories.md" (exists: false)
[2m2026-03-22T22:45:45.296058Z[0m [32m INFO[0m [2mralph_core::event_loop[0m[2m:[0m Successfully loaded 0 memories from store
[2m2026-03-22T22:45:45.296077Z[0m [32m INFO[0m [2mralph_core::event_loop[0m[2m:[0m Memory store is empty - no memories to inject
[2m2026-03-22T22:53:01.498567Z[0m [32m INFO[0m [2mralph_core::event_loop[0m[2m:[0m Memory injection check: enabled=true, inject=Auto, workspace_root="/Users/chris/dev/diagram-docs"
[2m2026-03-22T22:53:01.498681Z[0m [32m INFO[0m [2mralph_core::event_loop[0m[2m:[0m Looking for memories at: "/Users/chris/dev/diagram-docs/.ralph/agent/memories.md" (exists: false)
[2m2026-03-22T22:53:01.498710Z[0m [32m INFO[0m [2mralph_core::event_loop[0m[2m:[0m Successfully loaded 0 memories from store
[2m2026-03-22T22:53:01.498727Z[0m [32m INFO[0m [2mralph_core::event_loop[0m[2m:[0m Memory store is empty - no memories to inject
[2m2026-03-22T22:54:32.163742Z[0m [32m INFO[0m [2mralph_core::event_loop[0m[2m:[0m Memory injection check: enabled=true, inject=Auto, workspace_root="/Users/chris/dev/diagram-docs"
[2m2026-03-22T22:54:32.163850Z[0m [32m INFO[0m [2mralph_core::event_loop[0m[2m:[0m Looking for memories at: "/Users/chris/dev/diagram-docs/.ralph/agent/memories.md" (exists: false)
[2m2026-03-22T22:54:32.163878Z[0m [32m INFO[0m [2mralph_core::event_loop[0m[2m:[0m Successfully loaded 0 memories from store
[2m2026-03-22T22:54:32.163895Z[0m [32m INFO[0m [2mralph_core::event_loop[0m[2m:[0m Memory store is empty - no memories to inject
[2m2026-03-22T22:54:34.263944Z[0m [32m INFO[0m [2mralph_core::event_loop[0m[2m:[0m Memory injection check: enabled=true, inject=Auto, workspace_root="/Users/chris/dev/diagram-docs"
[2m2026-03-22T22:54:34.264057Z[0m [32m INFO[0m [2mralph_core::event_loop[0m[2m:[0m Looking for memories at: "/Users/chris/dev/diagram-docs/.ralph/agent/memories.md" (exists: false)
[2m2026-03-22T22:54:34.264084Z[0m [32m INFO[0m [2mralph_core::event_loop[0m[2m:[0m Successfully loaded 0 memories from store
[2m2026-03-22T22:54:34.264104Z[0m [32m INFO[0m [2mralph_core::event_loop[0m[2m:[0m Memory store is empty - no memories to inject
[2m2026-03-22T22:54:36.424949Z[0m [32m INFO[0m [2mralph_core::event_loop[0m[2m:[0m Memory injection check: enabled=true, inject=Auto, workspace_root="/Users/chris/dev/diagram-docs"
[2m2026-03-22T22:54:36.425066Z[0m [32m INFO[0m [2mralph_core::event_loop[0m[2m:[0m Looking for memories at: "/Users/chris/dev/diagram-docs/.ralph/agent/memories.md" (exists: false)
[2m2026-03-22T22:54:36.425094Z[0m [32m INFO[0m [2mralph_core::event_loop[0m[2m:[0m Successfully loaded 0 memories from store
[2m2026-03-22T22:54:36.425112Z[0m [32m INFO[0m [2mralph_core::event_loop[0m[2m:[0m Memory store is empty - no memories to inject
[2m2026-03-22T22:54:38.551834Z[0m [32m INFO[0m [2mralph_core::event_loop[0m[2m:[0m Memory injection check: enabled=true, inject=Auto, workspace_root="/Users/chris/dev/diagram-docs"
[2m2026-03-22T22:54:38.551946Z[0m [32m INFO[0m [2mralph_core::event_loop[0m[2m:[0m Looking for memories at: "/Users/chris/dev/diagram-docs/.ralph/agent/memories.md" (exists: false)
[2m2026-03-22T22:54:38.551974Z[0m [32m INFO[0m [2mralph_core::event_loop[0m[2m:[0m Successfully loaded 0 memories from store
[2m2026-03-22T22:54:38.551994Z[0m [32m INFO[0m [2mralph_core::event_loop[0m[2m:[0m Memory store is empty - no memories to inject
[2m2026-03-22T22:54:40.321141Z[0m [32m INFO[0m [2mralph_core::event_loop[0m[2m:[0m Wrapping up: consecutive_failures. 11 iterations in 56m 35s. [3mreason[0m[2m=[0mconsecutive_failures [3miterations[0m[2m=[0m11 [3mduration[0m[2m=[0m56m 35s
